[debug] [2025-11-10T03:31:09.398Z] ----------------------------------------------------------------------
[debug] [2025-11-10T03:31:09.401Z] Command:       /opt/homebrew/Cellar/node@20/20.19.5/bin/node /opt/homebrew/bin/firebase init hosting
[debug] [2025-11-10T03:31:09.401Z] CLI Version:   14.24.1
[debug] [2025-11-10T03:31:09.401Z] Platform:      darwin
[debug] [2025-11-10T03:31:09.401Z] Node Version:  v20.19.5
[debug] [2025-11-10T03:31:09.401Z] Time:          Sun Nov 09 2025 22:31:09 GMT-0500 (Colombia Standard Time)
[debug] [2025-11-10T03:31:09.401Z] ----------------------------------------------------------------------
[debug] 
[info] 
     ######## #### ########  ######## ########     ###     ######  ########
     ##        ##  ##     ## ##       ##     ##  ##   ##  ##       ##
     ######    ##  ########  ######   ########  #########  ######  ######
     ##        ##  ##    ##  ##       ##     ## ##     ##       ## ##
     ##       #### ##     ## ######## ########  ##     ##  ######  ########

You're about to initialize a Firebase project in this directory:

  /Users/rubenmarti/Dev/suelas-toty

[info] 
=== Project Setup
[info] 
[info] First, let's associate this project directory with a Firebase project.
[info] You can create multiple project aliases by running firebase use --add, 
[info] 
[debug] [2025-11-10T03:31:09.415Z] > command requires scopes: ["email","openid","https://www.googleapis.com/auth/cloudplatformprojects.readonly","https://www.googleapis.com/auth/firebase","https://www.googleapis.com/auth/cloud-platform"]
[debug] [2025-11-10T03:31:09.415Z] > authorizing via signed-in user (lucasmartinez220372@gmail.com)
[debug] [2025-11-10T03:31:09.415Z] Checked if tokens are valid: true, expires at: 1762748869083
[debug] [2025-11-10T03:31:09.415Z] Checked if tokens are valid: true, expires at: 1762748869083
[debug] [2025-11-10T03:31:09.416Z] >>> [apiv2][query] GET https://firebase.googleapis.com/v1beta1/projects pageSize=100
[debug] [2025-11-10T03:31:10.049Z] <<< [apiv2][status] GET https://firebase.googleapis.com/v1beta1/projects 200
[debug] [2025-11-10T03:31:10.050Z] <<< [apiv2][body] GET https://firebase.googleapis.com/v1beta1/projects [omitted]
[debug] [2025-11-10T03:31:54.074Z] ExitPromptError: User force closed the prompt with SIGINT
    at Interface.sigint (/opt/homebrew/lib/node_modules/firebase-tools/node_modules/@inquirer/core/dist/commonjs/lib/create-prompt.js:101:37)
    at Interface.emit (node:events:524:28)
    at Interface.emit (node:domain:489:12)
    at [_ttyWrite] [as _ttyWrite] (node:internal/readline/interface:1128:18)
    at ReadStream.onkeypress (node:internal/readline/interface:267:20)
    at ReadStream.emit (node:events:536:35)
    at ReadStream.emit (node:domain:489:12)
    at emitKeys (node:internal/readline/utils:371:14)
    at emitKeys.next (<anonymous>)
    at ReadStream.onData (node:internal/readline/emitKeypressEvents:64:36)
[error] 
[error] Error: An unexpected error has occurred.
